[0m10:54:08.741594 [debug] [MainThread]: Sending event: {'category': 'dbt', 'action': 'invocation', 'label': 'start', 'context': [<snowplow_tracker.self_describing_json.SelfDescribingJson object at 0x000001A636D85A20>, <snowplow_tracker.self_describing_json.SelfDescribingJson object at 0x000001A638C45DE0>, <snowplow_tracker.self_describing_json.SelfDescribingJson object at 0x000001A638C45C30>]}


============================== 10:54:08.757172 | 64e52ab9-1817-4f8a-bebd-db5985312b04 ==============================
[0m10:54:08.757172 [info ] [MainThread]: Running with dbt=1.9.2
[0m10:54:08.757172 [debug] [MainThread]: running dbt with arguments {'printer_width': '80', 'indirect_selection': 'eager', 'write_json': 'True', 'log_cache_events': 'False', 'partial_parse': 'True', 'cache_selected_only': 'False', 'profiles_dir': 'C:\\Users\\haikal.shahrizal\\.dbt', 'version_check': 'True', 'fail_fast': 'False', 'log_path': 'logs', 'warn_error': 'None', 'debug': 'False', 'use_colors': 'True', 'use_experimental_parser': 'False', 'no_print': 'None', 'quiet': 'False', 'empty': 'None', 'log_format': 'default', 'invocation_command': 'dbt init', 'static_parser': 'True', 'introspect': 'True', 'target_path': 'None', 'warn_error_options': 'WarnErrorOptions(include=[], exclude=[])', 'send_anonymous_usage_stats': 'True'}
[0m10:57:24.226124 [debug] [MainThread]: Starter project path: D:\my_own_project\dataeng_projs\.elt\lib\site-packages\dbt\include\starter_project
[0m10:57:24.257086 [info ] [MainThread]: 
Your new dbt project "custom_postgres" was created!

For more information on how to configure the profiles.yml file,
please consult the dbt documentation here:

  https://docs.getdbt.com/docs/configure-your-profile

One more thing:

Need help? Don't hesitate to reach out to us via GitHub issues or on Slack:

  https://community.getdbt.com/

Happy modeling!

[0m10:57:24.257086 [info ] [MainThread]: Setting up your profile.
[0m10:59:42.337369 [info ] [MainThread]: Profile custom_postgres written to C:\Users\haikal.shahrizal\.dbt\profiles.yml using target's profile_template.yml and your supplied values. Run 'dbt debug' to validate the connection.
[0m10:59:42.338333 [debug] [MainThread]: Command `dbt init` succeeded at 10:59:42.338333 after 333.68 seconds
[0m10:59:42.339370 [debug] [MainThread]: Sending event: {'category': 'dbt', 'action': 'invocation', 'label': 'end', 'context': [<snowplow_tracker.self_describing_json.SelfDescribingJson object at 0x000001A636D85A20>, <snowplow_tracker.self_describing_json.SelfDescribingJson object at 0x000001A638C46470>, <snowplow_tracker.self_describing_json.SelfDescribingJson object at 0x000001A638C45C00>]}
[0m10:59:42.340336 [debug] [MainThread]: Flushing usage events
[0m10:59:43.355652 [debug] [MainThread]: An error was encountered while trying to flush usage events
[0m12:40:09.441108 [debug] [MainThread]: Sending event: {'category': 'dbt', 'action': 'invocation', 'label': 'start', 'context': [<snowplow_tracker.self_describing_json.SelfDescribingJson object at 0x7f99440e0e20>, <snowplow_tracker.self_describing_json.SelfDescribingJson object at 0x7f9943171d20>, <snowplow_tracker.self_describing_json.SelfDescribingJson object at 0x7f9943171c90>]}


============================== 12:40:09.450151 | efd7d2ec-2043-4401-b41d-f1e44d204019 ==============================
[0m12:40:09.450151 [info ] [MainThread]: Running with dbt=1.9.2
[0m12:40:09.451017 [debug] [MainThread]: running dbt with arguments {'printer_width': '80', 'indirect_selection': 'eager', 'log_cache_events': 'False', 'write_json': 'True', 'partial_parse': 'True', 'cache_selected_only': 'False', 'profiles_dir': '/home/hitam/.dbt', 'debug': 'False', 'fail_fast': 'False', 'log_path': 'logs', 'version_check': 'True', 'warn_error': 'None', 'use_colors': 'True', 'use_experimental_parser': 'False', 'no_print': 'None', 'quiet': 'False', 'empty': 'None', 'warn_error_options': 'WarnErrorOptions(include=[], exclude=[])', 'introspect': 'True', 'invocation_command': 'dbt debug', 'static_parser': 'True', 'target_path': 'None', 'log_format': 'default', 'send_anonymous_usage_stats': 'True'}
[0m12:40:09.495555 [info ] [MainThread]: dbt version: 1.9.2
[0m12:40:09.496314 [info ] [MainThread]: python version: 3.10.12
[0m12:40:09.496946 [info ] [MainThread]: python path: /home/hitam/dataeng/_elt/bin/python3
[0m12:40:09.497855 [info ] [MainThread]: os info: Linux-6.8.0-57-generic-x86_64-with-glibc2.35
[0m12:40:09.693125 [info ] [MainThread]: Using profiles dir at /home/hitam/.dbt
[0m12:40:09.694849 [info ] [MainThread]: Using profiles.yml file at /home/hitam/.dbt/profiles.yml
[0m12:40:09.695854 [info ] [MainThread]: Using dbt_project.yml file at /home/hitam/dataeng/elt/dbt_project.yml
[0m12:40:09.696746 [info ] [MainThread]: adapter type: postgres
[0m12:40:09.697128 [info ] [MainThread]: adapter version: 1.9.0
[0m12:40:09.697875 [info ] [MainThread]: Configuration:
[0m12:40:09.698253 [info ] [MainThread]:   profiles.yml file [[32mOK found and valid[0m]
[0m12:40:09.698807 [info ] [MainThread]:   dbt_project.yml file [[31mERROR not found[0m]
[0m12:40:09.699301 [info ] [MainThread]: Required dependencies:
[0m12:40:09.699891 [debug] [MainThread]: Executing "git --help"
[0m12:40:09.703899 [debug] [MainThread]: STDOUT: "b"usage: git [--version] [--help] [-C <path>] [-c <name>=<value>]\n           [--exec-path[=<path>]] [--html-path] [--man-path] [--info-path]\n           [-p | --paginate | -P | --no-pager] [--no-replace-objects] [--bare]\n           [--git-dir=<path>] [--work-tree=<path>] [--namespace=<name>]\n           [--super-prefix=<path>] [--config-env=<name>=<envvar>]\n           <command> [<args>]\n\nThese are common Git commands used in various situations:\n\nstart a working area (see also: git help tutorial)\n   clone     Clone a repository into a new directory\n   init      Create an empty Git repository or reinitialize an existing one\n\nwork on the current change (see also: git help everyday)\n   add       Add file contents to the index\n   mv        Move or rename a file, a directory, or a symlink\n   restore   Restore working tree files\n   rm        Remove files from the working tree and from the index\n\nexamine the history and state (see also: git help revisions)\n   bisect    Use binary search to find the commit that introduced a bug\n   diff      Show changes between commits, commit and working tree, etc\n   grep      Print lines matching a pattern\n   log       Show commit logs\n   show      Show various types of objects\n   status    Show the working tree status\n\ngrow, mark and tweak your common history\n   branch    List, create, or delete branches\n   commit    Record changes to the repository\n   merge     Join two or more development histories together\n   rebase    Reapply commits on top of another base tip\n   reset     Reset current HEAD to the specified state\n   switch    Switch branches\n   tag       Create, list, delete or verify a tag object signed with GPG\n\ncollaborate (see also: git help workflows)\n   fetch     Download objects and refs from another repository\n   pull      Fetch from and integrate with another repository or a local branch\n   push      Update remote refs along with associated objects\n\n'git help -a' and 'git help -g' list available subcommands and some\nconcept guides. See 'git help <command>' or 'git help <concept>'\nto read about a specific subcommand or concept.\nSee 'git help git' for an overview of the system.\n""
[0m12:40:09.704723 [debug] [MainThread]: STDERR: "b''"
[0m12:40:09.705169 [info ] [MainThread]:  - git [[32mOK found[0m]

[0m12:40:09.705778 [info ] [MainThread]: Connection:
[0m12:40:09.706197 [info ] [MainThread]:   host: host.docker.internal
[0m12:40:09.706503 [info ] [MainThread]:   port: 5434
[0m12:40:09.706791 [info ] [MainThread]:   user: postgres
[0m12:40:09.707707 [info ] [MainThread]:   database: destination_db
[0m12:40:09.708581 [info ] [MainThread]:   schema: public
[0m12:40:09.709148 [info ] [MainThread]:   connect_timeout: 10
[0m12:40:09.709469 [info ] [MainThread]:   role: None
[0m12:40:09.709772 [info ] [MainThread]:   search_path: None
[0m12:40:09.710102 [info ] [MainThread]:   keepalives_idle: 0
[0m12:40:09.710415 [info ] [MainThread]:   sslmode: None
[0m12:40:09.710714 [info ] [MainThread]:   sslcert: None
[0m12:40:09.711089 [info ] [MainThread]:   sslkey: None
[0m12:40:09.711390 [info ] [MainThread]:   sslrootcert: None
[0m12:40:09.711688 [info ] [MainThread]:   application_name: dbt
[0m12:40:09.712060 [info ] [MainThread]:   retries: 1
[0m12:40:09.712532 [info ] [MainThread]: Registered adapter: postgres=1.9.0
[0m12:40:09.805488 [debug] [MainThread]: Acquiring new postgres connection 'debug'
[0m12:40:09.848322 [debug] [MainThread]: Using postgres connection "debug"
[0m12:40:09.849418 [debug] [MainThread]: On debug: select 1 as id
[0m12:40:09.849886 [debug] [MainThread]: Opening a new connection, currently in state init
[0m12:40:09.889078 [debug] [MainThread]: Postgres adapter: Got a retryable error when attempting to open a postgres connection.
1 attempts remaining. Retrying in 0 seconds.
Error:
could not translate host name "host.docker.internal" to address: Name or service not known

[0m12:40:09.916108 [debug] [MainThread]: Postgres adapter: Error running SQL: select 1 as id
[0m12:40:09.917015 [debug] [MainThread]: Postgres adapter: Rolling back transaction.
[0m12:40:09.917739 [debug] [MainThread]: On debug: No close available on handle
[0m12:40:09.918680 [info ] [MainThread]:   Connection test: [[31mERROR[0m]

[0m12:40:09.919244 [info ] [MainThread]: [31m2 checks failed:[0m
[0m12:40:09.919992 [info ] [MainThread]: Project loading failed for the following reason:
 project path </home/hitam/dataeng/elt/dbt_project.yml> not found

[0m12:40:09.920438 [info ] [MainThread]: dbt was unable to connect to the specified database.
The database returned the following error:

  >Database Error
  could not translate host name "host.docker.internal" to address: Name or service not known
  

Check your database credentials and try again. For more information, visit:
https://docs.getdbt.com/docs/configure-your-profile


[0m12:40:09.924514 [debug] [MainThread]: Resource report: {"command_name": "debug", "command_success": false, "command_wall_clock_time": 0.5997214, "process_in_blocks": "9992", "process_kernel_time": 0.730412, "process_mem_max_rss": "98312", "process_out_blocks": "32", "process_user_time": 0.842067}
[0m12:40:09.925353 [debug] [MainThread]: Command `dbt debug` failed at 12:40:09.925196 after 0.60 seconds
[0m12:40:09.926018 [debug] [MainThread]: Connection 'debug' was properly closed.
[0m12:40:09.926655 [debug] [MainThread]: Sending event: {'category': 'dbt', 'action': 'invocation', 'label': 'end', 'context': [<snowplow_tracker.self_describing_json.SelfDescribingJson object at 0x7f99440e0e20>, <snowplow_tracker.self_describing_json.SelfDescribingJson object at 0x7f9942ac1000>, <snowplow_tracker.self_describing_json.SelfDescribingJson object at 0x7f9942ac0730>]}
[0m12:40:09.927148 [debug] [MainThread]: Flushing usage events
[0m12:40:11.286508 [debug] [MainThread]: An error was encountered while trying to flush usage events
